[2024-08-13T23:37:59.367+0000] {processor.py:161} INFO - Started process (PID=4644) to work on /opt/airflow/dags/rdt_dags.py
[2024-08-13T23:37:59.369+0000] {processor.py:830} INFO - Processing file /opt/airflow/dags/rdt_dags.py for tasks to queue
[2024-08-13T23:37:59.371+0000] {logging_mixin.py:188} INFO - [2024-08-13T23:37:59.370+0000] {dagbag.py:545} INFO - Filling up the DagBag from /opt/airflow/dags/rdt_dags.py
[2024-08-13T23:37:59.386+0000] {processor.py:842} WARNING - No viable dags retrieved from /opt/airflow/dags/rdt_dags.py
[2024-08-13T23:37:59.399+0000] {processor.py:183} INFO - Processing /opt/airflow/dags/rdt_dags.py took 0.038 seconds
[2024-08-13T23:38:29.641+0000] {processor.py:161} INFO - Started process (PID=4703) to work on /opt/airflow/dags/rdt_dags.py
[2024-08-13T23:38:29.642+0000] {processor.py:830} INFO - Processing file /opt/airflow/dags/rdt_dags.py for tasks to queue
[2024-08-13T23:38:29.644+0000] {logging_mixin.py:188} INFO - [2024-08-13T23:38:29.643+0000] {dagbag.py:545} INFO - Filling up the DagBag from /opt/airflow/dags/rdt_dags.py
[2024-08-13T23:38:29.653+0000] {processor.py:842} WARNING - No viable dags retrieved from /opt/airflow/dags/rdt_dags.py
[2024-08-13T23:38:29.667+0000] {processor.py:183} INFO - Processing /opt/airflow/dags/rdt_dags.py took 0.033 seconds
[2024-08-13T23:38:59.961+0000] {processor.py:161} INFO - Started process (PID=4762) to work on /opt/airflow/dags/rdt_dags.py
[2024-08-13T23:38:59.962+0000] {processor.py:830} INFO - Processing file /opt/airflow/dags/rdt_dags.py for tasks to queue
[2024-08-13T23:38:59.964+0000] {logging_mixin.py:188} INFO - [2024-08-13T23:38:59.964+0000] {dagbag.py:545} INFO - Filling up the DagBag from /opt/airflow/dags/rdt_dags.py
[2024-08-13T23:38:59.975+0000] {processor.py:842} WARNING - No viable dags retrieved from /opt/airflow/dags/rdt_dags.py
[2024-08-13T23:38:59.988+0000] {processor.py:183} INFO - Processing /opt/airflow/dags/rdt_dags.py took 0.033 seconds
[2024-08-13T23:39:30.285+0000] {processor.py:161} INFO - Started process (PID=4821) to work on /opt/airflow/dags/rdt_dags.py
[2024-08-13T23:39:30.287+0000] {processor.py:830} INFO - Processing file /opt/airflow/dags/rdt_dags.py for tasks to queue
[2024-08-13T23:39:30.289+0000] {logging_mixin.py:188} INFO - [2024-08-13T23:39:30.288+0000] {dagbag.py:545} INFO - Filling up the DagBag from /opt/airflow/dags/rdt_dags.py
[2024-08-13T23:39:30.299+0000] {processor.py:842} WARNING - No viable dags retrieved from /opt/airflow/dags/rdt_dags.py
[2024-08-13T23:39:30.325+0000] {processor.py:183} INFO - Processing /opt/airflow/dags/rdt_dags.py took 0.049 seconds
[2024-08-13T23:40:00.613+0000] {processor.py:161} INFO - Started process (PID=4880) to work on /opt/airflow/dags/rdt_dags.py
[2024-08-13T23:40:00.614+0000] {processor.py:830} INFO - Processing file /opt/airflow/dags/rdt_dags.py for tasks to queue
[2024-08-13T23:40:00.617+0000] {logging_mixin.py:188} INFO - [2024-08-13T23:40:00.617+0000] {dagbag.py:545} INFO - Filling up the DagBag from /opt/airflow/dags/rdt_dags.py
[2024-08-13T23:40:00.627+0000] {processor.py:842} WARNING - No viable dags retrieved from /opt/airflow/dags/rdt_dags.py
[2024-08-13T23:40:00.641+0000] {processor.py:183} INFO - Processing /opt/airflow/dags/rdt_dags.py took 0.034 seconds
[2024-08-13T23:40:31.242+0000] {processor.py:161} INFO - Started process (PID=4939) to work on /opt/airflow/dags/rdt_dags.py
[2024-08-13T23:40:31.243+0000] {processor.py:830} INFO - Processing file /opt/airflow/dags/rdt_dags.py for tasks to queue
[2024-08-13T23:40:31.246+0000] {logging_mixin.py:188} INFO - [2024-08-13T23:40:31.245+0000] {dagbag.py:545} INFO - Filling up the DagBag from /opt/airflow/dags/rdt_dags.py
[2024-08-13T23:40:31.260+0000] {processor.py:842} WARNING - No viable dags retrieved from /opt/airflow/dags/rdt_dags.py
[2024-08-13T23:40:31.279+0000] {processor.py:183} INFO - Processing /opt/airflow/dags/rdt_dags.py took 0.044 seconds
[2024-08-13T23:41:01.892+0000] {processor.py:161} INFO - Started process (PID=5004) to work on /opt/airflow/dags/rdt_dags.py
[2024-08-13T23:41:01.893+0000] {processor.py:830} INFO - Processing file /opt/airflow/dags/rdt_dags.py for tasks to queue
[2024-08-13T23:41:01.896+0000] {logging_mixin.py:188} INFO - [2024-08-13T23:41:01.896+0000] {dagbag.py:545} INFO - Filling up the DagBag from /opt/airflow/dags/rdt_dags.py
[2024-08-13T23:41:01.906+0000] {processor.py:842} WARNING - No viable dags retrieved from /opt/airflow/dags/rdt_dags.py
[2024-08-13T23:41:01.921+0000] {processor.py:183} INFO - Processing /opt/airflow/dags/rdt_dags.py took 0.035 seconds
[2024-08-13T23:41:32.540+0000] {processor.py:161} INFO - Started process (PID=5063) to work on /opt/airflow/dags/rdt_dags.py
[2024-08-13T23:41:32.541+0000] {processor.py:830} INFO - Processing file /opt/airflow/dags/rdt_dags.py for tasks to queue
[2024-08-13T23:41:32.544+0000] {logging_mixin.py:188} INFO - [2024-08-13T23:41:32.543+0000] {dagbag.py:545} INFO - Filling up the DagBag from /opt/airflow/dags/rdt_dags.py
[2024-08-13T23:41:32.553+0000] {processor.py:842} WARNING - No viable dags retrieved from /opt/airflow/dags/rdt_dags.py
[2024-08-13T23:41:32.574+0000] {processor.py:183} INFO - Processing /opt/airflow/dags/rdt_dags.py took 0.043 seconds
[2024-08-13T23:42:03.258+0000] {processor.py:161} INFO - Started process (PID=5122) to work on /opt/airflow/dags/rdt_dags.py
[2024-08-13T23:42:03.259+0000] {processor.py:830} INFO - Processing file /opt/airflow/dags/rdt_dags.py for tasks to queue
[2024-08-13T23:42:03.260+0000] {logging_mixin.py:188} INFO - [2024-08-13T23:42:03.260+0000] {dagbag.py:545} INFO - Filling up the DagBag from /opt/airflow/dags/rdt_dags.py
[2024-08-13T23:42:03.271+0000] {processor.py:842} WARNING - No viable dags retrieved from /opt/airflow/dags/rdt_dags.py
[2024-08-13T23:42:03.285+0000] {processor.py:183} INFO - Processing /opt/airflow/dags/rdt_dags.py took 0.034 seconds
[2024-08-13T23:42:34.057+0000] {processor.py:161} INFO - Started process (PID=5181) to work on /opt/airflow/dags/rdt_dags.py
[2024-08-13T23:42:34.058+0000] {processor.py:830} INFO - Processing file /opt/airflow/dags/rdt_dags.py for tasks to queue
[2024-08-13T23:42:34.060+0000] {logging_mixin.py:188} INFO - [2024-08-13T23:42:34.060+0000] {dagbag.py:545} INFO - Filling up the DagBag from /opt/airflow/dags/rdt_dags.py
[2024-08-13T23:42:34.069+0000] {processor.py:842} WARNING - No viable dags retrieved from /opt/airflow/dags/rdt_dags.py
[2024-08-13T23:42:34.083+0000] {processor.py:183} INFO - Processing /opt/airflow/dags/rdt_dags.py took 0.032 seconds
[2024-08-13T23:43:04.440+0000] {processor.py:161} INFO - Started process (PID=5240) to work on /opt/airflow/dags/rdt_dags.py
[2024-08-13T23:43:04.442+0000] {processor.py:830} INFO - Processing file /opt/airflow/dags/rdt_dags.py for tasks to queue
[2024-08-13T23:43:04.444+0000] {logging_mixin.py:188} INFO - [2024-08-13T23:43:04.444+0000] {dagbag.py:545} INFO - Filling up the DagBag from /opt/airflow/dags/rdt_dags.py
[2024-08-13T23:43:04.455+0000] {processor.py:842} WARNING - No viable dags retrieved from /opt/airflow/dags/rdt_dags.py
[2024-08-13T23:43:04.471+0000] {processor.py:183} INFO - Processing /opt/airflow/dags/rdt_dags.py took 0.043 seconds
[2024-08-13T23:43:35.262+0000] {processor.py:161} INFO - Started process (PID=5300) to work on /opt/airflow/dags/rdt_dags.py
[2024-08-13T23:43:35.263+0000] {processor.py:830} INFO - Processing file /opt/airflow/dags/rdt_dags.py for tasks to queue
[2024-08-13T23:43:35.265+0000] {logging_mixin.py:188} INFO - [2024-08-13T23:43:35.265+0000] {dagbag.py:545} INFO - Filling up the DagBag from /opt/airflow/dags/rdt_dags.py
[2024-08-13T23:43:35.276+0000] {processor.py:842} WARNING - No viable dags retrieved from /opt/airflow/dags/rdt_dags.py
[2024-08-13T23:43:35.291+0000] {processor.py:183} INFO - Processing /opt/airflow/dags/rdt_dags.py took 0.036 seconds
[2024-08-13T23:44:05.840+0000] {processor.py:161} INFO - Started process (PID=5359) to work on /opt/airflow/dags/rdt_dags.py
[2024-08-13T23:44:05.841+0000] {processor.py:830} INFO - Processing file /opt/airflow/dags/rdt_dags.py for tasks to queue
[2024-08-13T23:44:05.843+0000] {logging_mixin.py:188} INFO - [2024-08-13T23:44:05.842+0000] {dagbag.py:545} INFO - Filling up the DagBag from /opt/airflow/dags/rdt_dags.py
[2024-08-13T23:44:05.850+0000] {processor.py:842} WARNING - No viable dags retrieved from /opt/airflow/dags/rdt_dags.py
[2024-08-13T23:44:05.863+0000] {processor.py:183} INFO - Processing /opt/airflow/dags/rdt_dags.py took 0.028 seconds
[2024-08-13T23:44:36.042+0000] {processor.py:161} INFO - Started process (PID=5418) to work on /opt/airflow/dags/rdt_dags.py
[2024-08-13T23:44:36.043+0000] {processor.py:830} INFO - Processing file /opt/airflow/dags/rdt_dags.py for tasks to queue
[2024-08-13T23:44:36.045+0000] {logging_mixin.py:188} INFO - [2024-08-13T23:44:36.045+0000] {dagbag.py:545} INFO - Filling up the DagBag from /opt/airflow/dags/rdt_dags.py
[2024-08-13T23:44:36.057+0000] {processor.py:842} WARNING - No viable dags retrieved from /opt/airflow/dags/rdt_dags.py
[2024-08-13T23:44:36.072+0000] {processor.py:183} INFO - Processing /opt/airflow/dags/rdt_dags.py took 0.036 seconds
[2024-08-13T23:45:06.551+0000] {processor.py:161} INFO - Started process (PID=5477) to work on /opt/airflow/dags/rdt_dags.py
[2024-08-13T23:45:06.553+0000] {processor.py:830} INFO - Processing file /opt/airflow/dags/rdt_dags.py for tasks to queue
[2024-08-13T23:45:06.555+0000] {logging_mixin.py:188} INFO - [2024-08-13T23:45:06.555+0000] {dagbag.py:545} INFO - Filling up the DagBag from /opt/airflow/dags/rdt_dags.py
[2024-08-13T23:45:06.565+0000] {processor.py:842} WARNING - No viable dags retrieved from /opt/airflow/dags/rdt_dags.py
[2024-08-13T23:45:06.583+0000] {processor.py:183} INFO - Processing /opt/airflow/dags/rdt_dags.py took 0.038 seconds
[2024-08-13T23:45:36.689+0000] {processor.py:161} INFO - Started process (PID=5536) to work on /opt/airflow/dags/rdt_dags.py
[2024-08-13T23:45:36.690+0000] {processor.py:830} INFO - Processing file /opt/airflow/dags/rdt_dags.py for tasks to queue
[2024-08-13T23:45:36.692+0000] {logging_mixin.py:188} INFO - [2024-08-13T23:45:36.692+0000] {dagbag.py:545} INFO - Filling up the DagBag from /opt/airflow/dags/rdt_dags.py
[2024-08-13T23:45:36.701+0000] {processor.py:842} WARNING - No viable dags retrieved from /opt/airflow/dags/rdt_dags.py
[2024-08-13T23:45:36.715+0000] {processor.py:183} INFO - Processing /opt/airflow/dags/rdt_dags.py took 0.032 seconds
[2024-08-13T23:46:06.904+0000] {processor.py:161} INFO - Started process (PID=5595) to work on /opt/airflow/dags/rdt_dags.py
[2024-08-13T23:46:06.905+0000] {processor.py:830} INFO - Processing file /opt/airflow/dags/rdt_dags.py for tasks to queue
[2024-08-13T23:46:06.907+0000] {logging_mixin.py:188} INFO - [2024-08-13T23:46:06.907+0000] {dagbag.py:545} INFO - Filling up the DagBag from /opt/airflow/dags/rdt_dags.py
[2024-08-13T23:46:06.920+0000] {processor.py:842} WARNING - No viable dags retrieved from /opt/airflow/dags/rdt_dags.py
[2024-08-13T23:46:06.933+0000] {processor.py:183} INFO - Processing /opt/airflow/dags/rdt_dags.py took 0.035 seconds
[2024-08-13T23:46:37.026+0000] {processor.py:161} INFO - Started process (PID=5654) to work on /opt/airflow/dags/rdt_dags.py
[2024-08-13T23:46:37.027+0000] {processor.py:830} INFO - Processing file /opt/airflow/dags/rdt_dags.py for tasks to queue
[2024-08-13T23:46:37.029+0000] {logging_mixin.py:188} INFO - [2024-08-13T23:46:37.028+0000] {dagbag.py:545} INFO - Filling up the DagBag from /opt/airflow/dags/rdt_dags.py
[2024-08-13T23:46:37.038+0000] {processor.py:842} WARNING - No viable dags retrieved from /opt/airflow/dags/rdt_dags.py
[2024-08-13T23:46:37.050+0000] {processor.py:183} INFO - Processing /opt/airflow/dags/rdt_dags.py took 0.030 seconds
[2024-08-13T23:47:07.257+0000] {processor.py:161} INFO - Started process (PID=5713) to work on /opt/airflow/dags/rdt_dags.py
[2024-08-13T23:47:07.258+0000] {processor.py:830} INFO - Processing file /opt/airflow/dags/rdt_dags.py for tasks to queue
[2024-08-13T23:47:07.261+0000] {logging_mixin.py:188} INFO - [2024-08-13T23:47:07.260+0000] {dagbag.py:545} INFO - Filling up the DagBag from /opt/airflow/dags/rdt_dags.py
[2024-08-13T23:47:07.273+0000] {processor.py:842} WARNING - No viable dags retrieved from /opt/airflow/dags/rdt_dags.py
[2024-08-13T23:47:07.289+0000] {processor.py:183} INFO - Processing /opt/airflow/dags/rdt_dags.py took 0.041 seconds
[2024-08-13T23:47:37.418+0000] {processor.py:161} INFO - Started process (PID=5772) to work on /opt/airflow/dags/rdt_dags.py
[2024-08-13T23:47:37.419+0000] {processor.py:830} INFO - Processing file /opt/airflow/dags/rdt_dags.py for tasks to queue
[2024-08-13T23:47:37.422+0000] {logging_mixin.py:188} INFO - [2024-08-13T23:47:37.421+0000] {dagbag.py:545} INFO - Filling up the DagBag from /opt/airflow/dags/rdt_dags.py
[2024-08-13T23:47:37.433+0000] {processor.py:842} WARNING - No viable dags retrieved from /opt/airflow/dags/rdt_dags.py
[2024-08-13T23:47:37.453+0000] {processor.py:183} INFO - Processing /opt/airflow/dags/rdt_dags.py took 0.043 seconds
[2024-08-13T23:48:08.351+0000] {processor.py:161} INFO - Started process (PID=5831) to work on /opt/airflow/dags/rdt_dags.py
[2024-08-13T23:48:08.352+0000] {processor.py:830} INFO - Processing file /opt/airflow/dags/rdt_dags.py for tasks to queue
[2024-08-13T23:48:08.354+0000] {logging_mixin.py:188} INFO - [2024-08-13T23:48:08.354+0000] {dagbag.py:545} INFO - Filling up the DagBag from /opt/airflow/dags/rdt_dags.py
[2024-08-13T23:48:08.366+0000] {processor.py:842} WARNING - No viable dags retrieved from /opt/airflow/dags/rdt_dags.py
[2024-08-13T23:48:08.379+0000] {processor.py:183} INFO - Processing /opt/airflow/dags/rdt_dags.py took 0.034 seconds
[2024-08-13T23:48:38.564+0000] {processor.py:161} INFO - Started process (PID=5890) to work on /opt/airflow/dags/rdt_dags.py
[2024-08-13T23:48:38.565+0000] {processor.py:830} INFO - Processing file /opt/airflow/dags/rdt_dags.py for tasks to queue
[2024-08-13T23:48:38.568+0000] {logging_mixin.py:188} INFO - [2024-08-13T23:48:38.567+0000] {dagbag.py:545} INFO - Filling up the DagBag from /opt/airflow/dags/rdt_dags.py
[2024-08-13T23:48:38.578+0000] {processor.py:842} WARNING - No viable dags retrieved from /opt/airflow/dags/rdt_dags.py
[2024-08-13T23:48:38.590+0000] {processor.py:183} INFO - Processing /opt/airflow/dags/rdt_dags.py took 0.031 seconds
[2024-08-13T23:49:09.028+0000] {processor.py:161} INFO - Started process (PID=5946) to work on /opt/airflow/dags/rdt_dags.py
[2024-08-13T23:49:09.029+0000] {processor.py:830} INFO - Processing file /opt/airflow/dags/rdt_dags.py for tasks to queue
[2024-08-13T23:49:09.031+0000] {logging_mixin.py:188} INFO - [2024-08-13T23:49:09.031+0000] {dagbag.py:545} INFO - Filling up the DagBag from /opt/airflow/dags/rdt_dags.py
[2024-08-13T23:49:09.040+0000] {processor.py:842} WARNING - No viable dags retrieved from /opt/airflow/dags/rdt_dags.py
[2024-08-13T23:49:09.054+0000] {processor.py:183} INFO - Processing /opt/airflow/dags/rdt_dags.py took 0.032 seconds
[2024-08-13T23:49:39.467+0000] {processor.py:161} INFO - Started process (PID=6005) to work on /opt/airflow/dags/rdt_dags.py
[2024-08-13T23:49:39.468+0000] {processor.py:830} INFO - Processing file /opt/airflow/dags/rdt_dags.py for tasks to queue
[2024-08-13T23:49:39.472+0000] {logging_mixin.py:188} INFO - [2024-08-13T23:49:39.471+0000] {dagbag.py:545} INFO - Filling up the DagBag from /opt/airflow/dags/rdt_dags.py
[2024-08-13T23:49:39.486+0000] {processor.py:842} WARNING - No viable dags retrieved from /opt/airflow/dags/rdt_dags.py
[2024-08-13T23:49:39.501+0000] {processor.py:183} INFO - Processing /opt/airflow/dags/rdt_dags.py took 0.040 seconds
[2024-08-13T23:50:09.840+0000] {processor.py:161} INFO - Started process (PID=6065) to work on /opt/airflow/dags/rdt_dags.py
[2024-08-13T23:50:09.841+0000] {processor.py:830} INFO - Processing file /opt/airflow/dags/rdt_dags.py for tasks to queue
[2024-08-13T23:50:09.845+0000] {logging_mixin.py:188} INFO - [2024-08-13T23:50:09.844+0000] {dagbag.py:545} INFO - Filling up the DagBag from /opt/airflow/dags/rdt_dags.py
[2024-08-13T23:50:09.870+0000] {processor.py:842} WARNING - No viable dags retrieved from /opt/airflow/dags/rdt_dags.py
[2024-08-13T23:50:09.886+0000] {processor.py:183} INFO - Processing /opt/airflow/dags/rdt_dags.py took 0.052 seconds
[2024-08-13T23:50:40.140+0000] {processor.py:161} INFO - Started process (PID=6124) to work on /opt/airflow/dags/rdt_dags.py
[2024-08-13T23:50:40.142+0000] {processor.py:830} INFO - Processing file /opt/airflow/dags/rdt_dags.py for tasks to queue
[2024-08-13T23:50:40.144+0000] {logging_mixin.py:188} INFO - [2024-08-13T23:50:40.144+0000] {dagbag.py:545} INFO - Filling up the DagBag from /opt/airflow/dags/rdt_dags.py
[2024-08-13T23:50:40.162+0000] {processor.py:842} WARNING - No viable dags retrieved from /opt/airflow/dags/rdt_dags.py
[2024-08-13T23:50:40.189+0000] {processor.py:183} INFO - Processing /opt/airflow/dags/rdt_dags.py took 0.059 seconds
[2024-08-13T23:51:10.982+0000] {processor.py:161} INFO - Started process (PID=6183) to work on /opt/airflow/dags/rdt_dags.py
[2024-08-13T23:51:10.983+0000] {processor.py:830} INFO - Processing file /opt/airflow/dags/rdt_dags.py for tasks to queue
[2024-08-13T23:51:10.985+0000] {logging_mixin.py:188} INFO - [2024-08-13T23:51:10.985+0000] {dagbag.py:545} INFO - Filling up the DagBag from /opt/airflow/dags/rdt_dags.py
[2024-08-13T23:51:10.994+0000] {processor.py:842} WARNING - No viable dags retrieved from /opt/airflow/dags/rdt_dags.py
[2024-08-13T23:51:11.006+0000] {processor.py:183} INFO - Processing /opt/airflow/dags/rdt_dags.py took 0.030 seconds
[2024-08-13T23:51:41.590+0000] {processor.py:161} INFO - Started process (PID=6242) to work on /opt/airflow/dags/rdt_dags.py
[2024-08-13T23:51:41.591+0000] {processor.py:830} INFO - Processing file /opt/airflow/dags/rdt_dags.py for tasks to queue
[2024-08-13T23:51:41.594+0000] {logging_mixin.py:188} INFO - [2024-08-13T23:51:41.593+0000] {dagbag.py:545} INFO - Filling up the DagBag from /opt/airflow/dags/rdt_dags.py
[2024-08-13T23:51:41.603+0000] {processor.py:842} WARNING - No viable dags retrieved from /opt/airflow/dags/rdt_dags.py
[2024-08-13T23:51:41.616+0000] {processor.py:183} INFO - Processing /opt/airflow/dags/rdt_dags.py took 0.032 seconds
[2024-08-13T23:52:12.034+0000] {processor.py:161} INFO - Started process (PID=6301) to work on /opt/airflow/dags/rdt_dags.py
[2024-08-13T23:52:12.035+0000] {processor.py:830} INFO - Processing file /opt/airflow/dags/rdt_dags.py for tasks to queue
[2024-08-13T23:52:12.037+0000] {logging_mixin.py:188} INFO - [2024-08-13T23:52:12.037+0000] {dagbag.py:545} INFO - Filling up the DagBag from /opt/airflow/dags/rdt_dags.py
[2024-08-13T23:52:12.048+0000] {processor.py:842} WARNING - No viable dags retrieved from /opt/airflow/dags/rdt_dags.py
[2024-08-13T23:52:12.059+0000] {processor.py:183} INFO - Processing /opt/airflow/dags/rdt_dags.py took 0.031 seconds
[2024-08-13T23:52:42.590+0000] {processor.py:161} INFO - Started process (PID=6360) to work on /opt/airflow/dags/rdt_dags.py
[2024-08-13T23:52:42.592+0000] {processor.py:830} INFO - Processing file /opt/airflow/dags/rdt_dags.py for tasks to queue
[2024-08-13T23:52:42.596+0000] {logging_mixin.py:188} INFO - [2024-08-13T23:52:42.595+0000] {dagbag.py:545} INFO - Filling up the DagBag from /opt/airflow/dags/rdt_dags.py
[2024-08-13T23:52:42.614+0000] {processor.py:842} WARNING - No viable dags retrieved from /opt/airflow/dags/rdt_dags.py
[2024-08-13T23:52:42.629+0000] {processor.py:183} INFO - Processing /opt/airflow/dags/rdt_dags.py took 0.046 seconds
[2024-08-13T23:53:12.751+0000] {processor.py:161} INFO - Started process (PID=6419) to work on /opt/airflow/dags/rdt_dags.py
[2024-08-13T23:53:12.755+0000] {processor.py:830} INFO - Processing file /opt/airflow/dags/rdt_dags.py for tasks to queue
[2024-08-13T23:53:12.758+0000] {logging_mixin.py:188} INFO - [2024-08-13T23:53:12.758+0000] {dagbag.py:545} INFO - Filling up the DagBag from /opt/airflow/dags/rdt_dags.py
[2024-08-13T23:53:12.772+0000] {processor.py:842} WARNING - No viable dags retrieved from /opt/airflow/dags/rdt_dags.py
[2024-08-13T23:53:12.788+0000] {processor.py:183} INFO - Processing /opt/airflow/dags/rdt_dags.py took 0.046 seconds
[2024-08-13T23:53:43.553+0000] {processor.py:161} INFO - Started process (PID=6478) to work on /opt/airflow/dags/rdt_dags.py
[2024-08-13T23:53:43.554+0000] {processor.py:830} INFO - Processing file /opt/airflow/dags/rdt_dags.py for tasks to queue
[2024-08-13T23:53:43.556+0000] {logging_mixin.py:188} INFO - [2024-08-13T23:53:43.555+0000] {dagbag.py:545} INFO - Filling up the DagBag from /opt/airflow/dags/rdt_dags.py
[2024-08-13T23:53:43.565+0000] {processor.py:842} WARNING - No viable dags retrieved from /opt/airflow/dags/rdt_dags.py
[2024-08-13T23:53:43.577+0000] {processor.py:183} INFO - Processing /opt/airflow/dags/rdt_dags.py took 0.030 seconds
[2024-08-13T23:54:14.162+0000] {processor.py:161} INFO - Started process (PID=6537) to work on /opt/airflow/dags/rdt_dags.py
[2024-08-13T23:54:14.163+0000] {processor.py:830} INFO - Processing file /opt/airflow/dags/rdt_dags.py for tasks to queue
[2024-08-13T23:54:14.168+0000] {logging_mixin.py:188} INFO - [2024-08-13T23:54:14.166+0000] {dagbag.py:545} INFO - Filling up the DagBag from /opt/airflow/dags/rdt_dags.py
[2024-08-13T23:54:14.180+0000] {processor.py:842} WARNING - No viable dags retrieved from /opt/airflow/dags/rdt_dags.py
[2024-08-13T23:54:14.193+0000] {processor.py:183} INFO - Processing /opt/airflow/dags/rdt_dags.py took 0.036 seconds
[2024-08-13T23:54:44.521+0000] {processor.py:161} INFO - Started process (PID=6596) to work on /opt/airflow/dags/rdt_dags.py
[2024-08-13T23:54:44.522+0000] {processor.py:830} INFO - Processing file /opt/airflow/dags/rdt_dags.py for tasks to queue
[2024-08-13T23:54:44.525+0000] {logging_mixin.py:188} INFO - [2024-08-13T23:54:44.524+0000] {dagbag.py:545} INFO - Filling up the DagBag from /opt/airflow/dags/rdt_dags.py
[2024-08-13T23:54:44.536+0000] {processor.py:842} WARNING - No viable dags retrieved from /opt/airflow/dags/rdt_dags.py
[2024-08-13T23:54:44.553+0000] {processor.py:183} INFO - Processing /opt/airflow/dags/rdt_dags.py took 0.038 seconds
[2024-08-13T23:55:14.721+0000] {processor.py:161} INFO - Started process (PID=6655) to work on /opt/airflow/dags/rdt_dags.py
[2024-08-13T23:55:14.722+0000] {processor.py:830} INFO - Processing file /opt/airflow/dags/rdt_dags.py for tasks to queue
[2024-08-13T23:55:14.724+0000] {logging_mixin.py:188} INFO - [2024-08-13T23:55:14.723+0000] {dagbag.py:545} INFO - Filling up the DagBag from /opt/airflow/dags/rdt_dags.py
[2024-08-13T23:55:14.733+0000] {processor.py:842} WARNING - No viable dags retrieved from /opt/airflow/dags/rdt_dags.py
[2024-08-13T23:55:14.745+0000] {processor.py:183} INFO - Processing /opt/airflow/dags/rdt_dags.py took 0.030 seconds
[2024-08-13T23:55:44.835+0000] {processor.py:161} INFO - Started process (PID=6714) to work on /opt/airflow/dags/rdt_dags.py
[2024-08-13T23:55:44.836+0000] {processor.py:830} INFO - Processing file /opt/airflow/dags/rdt_dags.py for tasks to queue
[2024-08-13T23:55:44.838+0000] {logging_mixin.py:188} INFO - [2024-08-13T23:55:44.838+0000] {dagbag.py:545} INFO - Filling up the DagBag from /opt/airflow/dags/rdt_dags.py
[2024-08-13T23:55:44.848+0000] {processor.py:842} WARNING - No viable dags retrieved from /opt/airflow/dags/rdt_dags.py
[2024-08-13T23:55:44.861+0000] {processor.py:183} INFO - Processing /opt/airflow/dags/rdt_dags.py took 0.031 seconds
[2024-08-13T23:56:15.650+0000] {processor.py:161} INFO - Started process (PID=6773) to work on /opt/airflow/dags/rdt_dags.py
[2024-08-13T23:56:15.651+0000] {processor.py:830} INFO - Processing file /opt/airflow/dags/rdt_dags.py for tasks to queue
[2024-08-13T23:56:15.653+0000] {logging_mixin.py:188} INFO - [2024-08-13T23:56:15.652+0000] {dagbag.py:545} INFO - Filling up the DagBag from /opt/airflow/dags/rdt_dags.py
[2024-08-13T23:56:15.664+0000] {processor.py:842} WARNING - No viable dags retrieved from /opt/airflow/dags/rdt_dags.py
[2024-08-13T23:56:15.676+0000] {processor.py:183} INFO - Processing /opt/airflow/dags/rdt_dags.py took 0.031 seconds
[2024-08-13T23:56:45.798+0000] {processor.py:161} INFO - Started process (PID=6832) to work on /opt/airflow/dags/rdt_dags.py
[2024-08-13T23:56:45.799+0000] {processor.py:830} INFO - Processing file /opt/airflow/dags/rdt_dags.py for tasks to queue
[2024-08-13T23:56:45.801+0000] {logging_mixin.py:188} INFO - [2024-08-13T23:56:45.801+0000] {dagbag.py:545} INFO - Filling up the DagBag from /opt/airflow/dags/rdt_dags.py
[2024-08-13T23:56:45.814+0000] {processor.py:842} WARNING - No viable dags retrieved from /opt/airflow/dags/rdt_dags.py
[2024-08-13T23:56:45.829+0000] {processor.py:183} INFO - Processing /opt/airflow/dags/rdt_dags.py took 0.039 seconds
[2024-08-13T23:57:16.671+0000] {processor.py:161} INFO - Started process (PID=6891) to work on /opt/airflow/dags/rdt_dags.py
[2024-08-13T23:57:16.672+0000] {processor.py:830} INFO - Processing file /opt/airflow/dags/rdt_dags.py for tasks to queue
[2024-08-13T23:57:16.674+0000] {logging_mixin.py:188} INFO - [2024-08-13T23:57:16.674+0000] {dagbag.py:545} INFO - Filling up the DagBag from /opt/airflow/dags/rdt_dags.py
[2024-08-13T23:57:16.684+0000] {processor.py:842} WARNING - No viable dags retrieved from /opt/airflow/dags/rdt_dags.py
[2024-08-13T23:57:16.698+0000] {processor.py:183} INFO - Processing /opt/airflow/dags/rdt_dags.py took 0.032 seconds
[2024-08-13T23:57:47.484+0000] {processor.py:161} INFO - Started process (PID=6950) to work on /opt/airflow/dags/rdt_dags.py
[2024-08-13T23:57:47.485+0000] {processor.py:830} INFO - Processing file /opt/airflow/dags/rdt_dags.py for tasks to queue
[2024-08-13T23:57:47.488+0000] {logging_mixin.py:188} INFO - [2024-08-13T23:57:47.488+0000] {dagbag.py:545} INFO - Filling up the DagBag from /opt/airflow/dags/rdt_dags.py
[2024-08-13T23:57:47.499+0000] {processor.py:842} WARNING - No viable dags retrieved from /opt/airflow/dags/rdt_dags.py
[2024-08-13T23:57:47.511+0000] {processor.py:183} INFO - Processing /opt/airflow/dags/rdt_dags.py took 0.033 seconds
[2024-08-13T23:58:18.131+0000] {processor.py:161} INFO - Started process (PID=7009) to work on /opt/airflow/dags/rdt_dags.py
[2024-08-13T23:58:18.132+0000] {processor.py:830} INFO - Processing file /opt/airflow/dags/rdt_dags.py for tasks to queue
[2024-08-13T23:58:18.135+0000] {logging_mixin.py:188} INFO - [2024-08-13T23:58:18.134+0000] {dagbag.py:545} INFO - Filling up the DagBag from /opt/airflow/dags/rdt_dags.py
[2024-08-13T23:58:18.145+0000] {processor.py:842} WARNING - No viable dags retrieved from /opt/airflow/dags/rdt_dags.py
[2024-08-13T23:58:18.159+0000] {processor.py:183} INFO - Processing /opt/airflow/dags/rdt_dags.py took 0.034 seconds
[2024-08-13T23:58:48.436+0000] {processor.py:161} INFO - Started process (PID=7068) to work on /opt/airflow/dags/rdt_dags.py
[2024-08-13T23:58:48.438+0000] {processor.py:830} INFO - Processing file /opt/airflow/dags/rdt_dags.py for tasks to queue
[2024-08-13T23:58:48.440+0000] {logging_mixin.py:188} INFO - [2024-08-13T23:58:48.440+0000] {dagbag.py:545} INFO - Filling up the DagBag from /opt/airflow/dags/rdt_dags.py
[2024-08-13T23:58:48.454+0000] {processor.py:842} WARNING - No viable dags retrieved from /opt/airflow/dags/rdt_dags.py
[2024-08-13T23:58:48.475+0000] {processor.py:183} INFO - Processing /opt/airflow/dags/rdt_dags.py took 0.050 seconds
[2024-08-13T23:59:19.281+0000] {processor.py:161} INFO - Started process (PID=7127) to work on /opt/airflow/dags/rdt_dags.py
[2024-08-13T23:59:19.283+0000] {processor.py:830} INFO - Processing file /opt/airflow/dags/rdt_dags.py for tasks to queue
[2024-08-13T23:59:19.285+0000] {logging_mixin.py:188} INFO - [2024-08-13T23:59:19.284+0000] {dagbag.py:545} INFO - Filling up the DagBag from /opt/airflow/dags/rdt_dags.py
[2024-08-13T23:59:19.294+0000] {processor.py:842} WARNING - No viable dags retrieved from /opt/airflow/dags/rdt_dags.py
[2024-08-13T23:59:19.308+0000] {processor.py:183} INFO - Processing /opt/airflow/dags/rdt_dags.py took 0.033 seconds
[2024-08-13T23:59:49.792+0000] {processor.py:161} INFO - Started process (PID=7186) to work on /opt/airflow/dags/rdt_dags.py
[2024-08-13T23:59:49.793+0000] {processor.py:830} INFO - Processing file /opt/airflow/dags/rdt_dags.py for tasks to queue
[2024-08-13T23:59:49.795+0000] {logging_mixin.py:188} INFO - [2024-08-13T23:59:49.795+0000] {dagbag.py:545} INFO - Filling up the DagBag from /opt/airflow/dags/rdt_dags.py
[2024-08-13T23:59:49.804+0000] {processor.py:842} WARNING - No viable dags retrieved from /opt/airflow/dags/rdt_dags.py
[2024-08-13T23:59:49.816+0000] {processor.py:183} INFO - Processing /opt/airflow/dags/rdt_dags.py took 0.029 seconds
